New log file opened at Thu Jan 07 20:01:13 CET 2016 by 4728@xy-Lenovo-Y50-70
Taking next connection to: 47400
New client attempting to connect on port: 43766-47400
  Address = /127.0.1.1:47400
This client on port 43766 has uuid 967af854-d440-4b02-847e-ba47f2ee7dc2 configName activator humanReadableName Activator protocolVersion 3 featureTags Vector()
Connected Clients: activator-967af854-d440-4b02-847e-ba47f2ee7dc2
Taking next connection to: 47400
New client attempting to connect on port: 43769-47400
  Address = /127.0.1.1:47400
Handshake exception on socket: 43769
sbt.impl.ipc.HandshakeException: Unable to perform handshake
	at sbt.impl.ipc.Peer.handshake(IPC.scala:46)
	at sbt.impl.ipc.MultiClientServer.<init>(IPC.scala:150)
	at sbt.server.SbtServerSocketHandler$$anon$1.run(SbtServerSocketHandler.scala:43)
Caused by: java.io.EOFException
	at java.io.DataInputStream.readInt(DataInputStream.java:392)
	at sbt.impl.ipc.Peer.receive(IPC.scala:95)
	at sbt.impl.ipc.Peer.handshake(IPC.scala:49)
	... 2 more
Taking next connection to: 47400
New client attempting to connect on port: 43770-47400
  Address = /127.0.1.1:47400
This client on port 43770 has uuid 2483503c-a6a5-4cad-9123-0d2be346cf98 configName play-fork-run humanReadableName Play Fork Run protocolVersion 1 featureTags Vector()
Connected Clients: activator-967af854-d440-4b02-847e-ba47f2ee7dc2, play-fork-run-2483503c-a6a5-4cad-9123-0d2be346cf98
Taking next connection to: 47400
Checking to see if clients are empty...
We have 1 non-daemon clients, continuing serving connections.
Taking next connection to: 47400
Checking to see if clients are empty...
We have 1 non-daemon clients, continuing serving connections.
Taking next connection to: 47400
Checking to see if clients are empty...
We have 1 non-daemon clients, continuing serving connections.
Taking next connection to: 47400
Checking to see if clients are empty...
We have 1 non-daemon clients, continuing serving connections.
Taking next connection to: 47400
Checking to see if clients are empty...
We have 1 non-daemon clients, continuing serving connections.
Taking next connection to: 47400
Checking to see if clients are empty...
We have 1 non-daemon clients, continuing serving connections.
Taking next connection to: 47400
Checking to see if clients are empty...
We have 1 non-daemon clients, continuing serving connections.
Taking next connection to: 47400
Checking to see if clients are empty...
We have 1 non-daemon clients, continuing serving connections.
Taking next connection to: 47400
Checking to see if clients are empty...
We have 1 non-daemon clients, continuing serving connections.
Taking next connection to: 47400
